# Logfile created on 2015-02-26 15:40:27 -0500 by logger.rb/41954
I, [2015-02-26T15:40:27.194992 #75282]  INFO -- : 0:  rake (10.4.2) from /Users/esuchkov/.rvm/gems/ruby-2.0.0-p353/specifications/rake-10.4.2.gemspec
I, [2015-02-26T15:40:27.195400 #75282]  INFO -- : 0:  CFPropertyList (2.2.8) from /Users/esuchkov/.rvm/gems/ruby-2.0.0-p353/specifications/CFPropertyList-2.2.8.gemspec
I, [2015-02-26T15:40:27.195734 #75282]  INFO -- : 0:  bundler (1.5.1) from /Users/esuchkov/.rvm/gems/ruby-2.0.0-p353@global/specifications/bundler-1.5.1.gemspec
I, [2015-02-26T15:40:27.196055 #75282]  INFO -- : 0:  thor (0.19.1) from /Users/esuchkov/.rvm/gems/ruby-2.0.0-p353/specifications/thor-0.19.1.gemspec
I, [2015-02-26T15:40:27.196424 #75282]  INFO -- : 0:  appraisal (1.0.2) from /Users/esuchkov/.rvm/gems/ruby-2.0.0-p353/specifications/appraisal-1.0.2.gemspec
I, [2015-02-26T15:40:27.196762 #75282]  INFO -- : 0:  diff-lcs (1.2.5) from /Users/esuchkov/.rvm/gems/ruby-2.0.0-p353/specifications/diff-lcs-1.2.5.gemspec
I, [2015-02-26T15:40:27.197069 #75282]  INFO -- : 0:  facter (2.4.1) from /Users/esuchkov/.rvm/gems/ruby-2.0.0-p353/specifications/facter-2.4.1-universal-darwin.gemspec
I, [2015-02-26T15:40:33.487166 #75282]  INFO -- : 0:  puppet (2.7.5) from /Users/esuchkov/.rvm/gems/ruby-2.0.0-p353/specifications/puppet-2.7.5.gemspec
I, [2015-02-26T15:40:33.487910 #75282]  INFO -- : 0:  rspec-support (3.2.2) from /Users/esuchkov/.rvm/gems/ruby-2.0.0-p353/specifications/rspec-support-3.2.2.gemspec
I, [2015-02-26T15:40:33.488510 #75282]  INFO -- : 0:  rspec-core (3.2.1) from /Users/esuchkov/.rvm/gems/ruby-2.0.0-p353/specifications/rspec-core-3.2.1.gemspec
I, [2015-02-26T15:40:33.489086 #75282]  INFO -- : 0:  rspec-expectations (3.2.0) from /Users/esuchkov/.rvm/gems/ruby-2.0.0-p353/specifications/rspec-expectations-3.2.0.gemspec
I, [2015-02-26T15:40:33.489668 #75282]  INFO -- : 0:  rspec-mocks (3.2.1) from /Users/esuchkov/.rvm/gems/ruby-2.0.0-p353/specifications/rspec-mocks-3.2.1.gemspec
I, [2015-02-26T15:40:33.490230 #75282]  INFO -- : 0:  rspec (3.2.0) from /Users/esuchkov/.rvm/gems/ruby-2.0.0-p353/specifications/rspec-3.2.0.gemspec
I, [2015-02-26T15:40:43.934895 #75287]  INFO -- : 0:  rake (10.4.2) from /Users/esuchkov/.rvm/gems/ruby-2.0.0-p353/specifications/rake-10.4.2.gemspec
I, [2015-02-26T15:40:43.935446 #75287]  INFO -- : 0:  CFPropertyList (2.2.8) from /Users/esuchkov/.rvm/gems/ruby-2.0.0-p353/specifications/CFPropertyList-2.2.8.gemspec
I, [2015-02-26T15:40:43.935859 #75287]  INFO -- : 0:  bundler (1.5.1) from /Users/esuchkov/.rvm/gems/ruby-2.0.0-p353@global/specifications/bundler-1.5.1.gemspec
I, [2015-02-26T15:40:43.936252 #75287]  INFO -- : 0:  thor (0.19.1) from /Users/esuchkov/.rvm/gems/ruby-2.0.0-p353/specifications/thor-0.19.1.gemspec
I, [2015-02-26T15:40:43.936646 #75287]  INFO -- : 0:  appraisal (1.0.2) from /Users/esuchkov/.rvm/gems/ruby-2.0.0-p353/specifications/appraisal-1.0.2.gemspec
I, [2015-02-26T15:40:43.936953 #75287]  INFO -- : 0:  diff-lcs (1.2.5) from /Users/esuchkov/.rvm/gems/ruby-2.0.0-p353/specifications/diff-lcs-1.2.5.gemspec
I, [2015-02-26T15:40:43.937286 #75287]  INFO -- : 0:  facter (2.4.1) from /Users/esuchkov/.rvm/gems/ruby-2.0.0-p353/specifications/facter-2.4.1-universal-darwin.gemspec
I, [2015-02-26T15:40:43.937704 #75287]  INFO -- : 0:  json_pure (1.8.2) from /Users/esuchkov/.rvm/gems/ruby-2.0.0-p353/specifications/json_pure-1.8.2.gemspec
I, [2015-02-26T15:40:43.938074 #75287]  INFO -- : 0:  hiera (1.3.4) from /Users/esuchkov/.rvm/gems/ruby-2.0.0-p353/specifications/hiera-1.3.4.gemspec
I, [2015-02-26T15:40:52.075583 #75287]  INFO -- : 0:  puppet (3.7.4) from /Users/esuchkov/.rvm/gems/ruby-2.0.0-p353/specifications/puppet-3.7.4.gemspec
I, [2015-02-26T15:40:52.076099 #75287]  INFO -- : 0:  rspec-support (3.2.2) from /Users/esuchkov/.rvm/gems/ruby-2.0.0-p353/specifications/rspec-support-3.2.2.gemspec
I, [2015-02-26T15:40:52.076450 #75287]  INFO -- : 0:  rspec-core (3.2.1) from /Users/esuchkov/.rvm/gems/ruby-2.0.0-p353/specifications/rspec-core-3.2.1.gemspec
I, [2015-02-26T15:40:52.076854 #75287]  INFO -- : 0:  rspec-expectations (3.2.0) from /Users/esuchkov/.rvm/gems/ruby-2.0.0-p353/specifications/rspec-expectations-3.2.0.gemspec
I, [2015-02-26T15:40:52.077175 #75287]  INFO -- : 0:  rspec-mocks (3.2.1) from /Users/esuchkov/.rvm/gems/ruby-2.0.0-p353/specifications/rspec-mocks-3.2.1.gemspec
I, [2015-02-26T15:40:52.077539 #75287]  INFO -- : 0:  rspec (3.2.0) from /Users/esuchkov/.rvm/gems/ruby-2.0.0-p353/specifications/rspec-3.2.0.gemspec
I, [2015-02-26T17:43:49.784529 #79339]  INFO -- : 0:  rake (10.4.2) from /Users/esuchkov/.rvm/gems/ruby-2.0.0-p353/specifications/rake-10.4.2.gemspec
I, [2015-02-26T17:43:49.785706 #79339]  INFO -- : 0:  bundler (1.5.1) from /Users/esuchkov/.rvm/gems/ruby-2.0.0-p353@global/specifications/bundler-1.5.1.gemspec
I, [2015-02-26T17:43:49.786128 #79339]  INFO -- : 0:  thor (0.19.1) from /Users/esuchkov/.rvm/gems/ruby-2.0.0-p353/specifications/thor-0.19.1.gemspec
I, [2015-02-26T17:43:49.786471 #79339]  INFO -- : 0:  appraisal (1.0.2) from /Users/esuchkov/.rvm/gems/ruby-2.0.0-p353/specifications/appraisal-1.0.2.gemspec
I, [2015-02-26T17:43:49.786827 #79339]  INFO -- : 0:  diff-lcs (1.2.5) from /Users/esuchkov/.rvm/gems/ruby-2.0.0-p353/specifications/diff-lcs-1.2.5.gemspec
I, [2015-02-26T17:43:52.691068 #79339]  INFO -- : 0:  facter (1.7.6) from /Users/esuchkov/.rvm/gems/ruby-2.0.0-p353/specifications/facter-1.7.6.gemspec
I, [2015-02-26T17:43:52.691549 #79339]  INFO -- : 0:  json_pure (1.8.2) from /Users/esuchkov/.rvm/gems/ruby-2.0.0-p353/specifications/json_pure-1.8.2.gemspec
I, [2015-02-26T17:43:52.691865 #79339]  INFO -- : 0:  hiera (1.3.4) from /Users/esuchkov/.rvm/gems/ruby-2.0.0-p353/specifications/hiera-1.3.4.gemspec
I, [2015-02-26T17:43:54.755761 #79339]  INFO -- : 0:  rgen (0.6.6) from /Users/esuchkov/.rvm/gems/ruby-2.0.0-p353/specifications/rgen-0.6.6.gemspec
I, [2015-02-26T17:44:01.021381 #79339]  INFO -- : 0:  puppet (3.4.3) from /Users/esuchkov/.rvm/gems/ruby-2.0.0-p353/specifications/puppet-3.4.3.gemspec
I, [2015-02-26T17:44:01.021867 #79339]  INFO -- : 0:  rspec-support (3.2.2) from /Users/esuchkov/.rvm/gems/ruby-2.0.0-p353/specifications/rspec-support-3.2.2.gemspec
I, [2015-02-26T17:44:01.022187 #79339]  INFO -- : 0:  rspec-core (3.2.1) from /Users/esuchkov/.rvm/gems/ruby-2.0.0-p353/specifications/rspec-core-3.2.1.gemspec
I, [2015-02-26T17:44:01.022539 #79339]  INFO -- : 0:  rspec-expectations (3.2.0) from /Users/esuchkov/.rvm/gems/ruby-2.0.0-p353/specifications/rspec-expectations-3.2.0.gemspec
I, [2015-02-26T17:44:01.022846 #79339]  INFO -- : 0:  rspec-mocks (3.2.1) from /Users/esuchkov/.rvm/gems/ruby-2.0.0-p353/specifications/rspec-mocks-3.2.1.gemspec
I, [2015-02-26T17:44:01.023142 #79339]  INFO -- : 0:  rspec (3.2.0) from /Users/esuchkov/.rvm/gems/ruby-2.0.0-p353/specifications/rspec-3.2.0.gemspec
I, [2015-02-26T19:04:11.970535 #79967]  INFO -- : 0:  rake (10.4.2) from /Users/esuchkov/.rvm/gems/ruby-2.0.0-p353/specifications/rake-10.4.2.gemspec
I, [2015-02-26T19:04:11.971565 #79967]  INFO -- : 0:  CFPropertyList (2.2.8) from /Users/esuchkov/.rvm/gems/ruby-2.0.0-p353/specifications/CFPropertyList-2.2.8.gemspec
I, [2015-02-26T19:04:11.972133 #79967]  INFO -- : 0:  bundler (1.5.1) from /Users/esuchkov/.rvm/gems/ruby-2.0.0-p353@global/specifications/bundler-1.5.1.gemspec
I, [2015-02-26T19:04:11.972644 #79967]  INFO -- : 0:  thor (0.19.1) from /Users/esuchkov/.rvm/gems/ruby-2.0.0-p353/specifications/thor-0.19.1.gemspec
I, [2015-02-26T19:04:11.972952 #79967]  INFO -- : 0:  appraisal (1.0.2) from /Users/esuchkov/.rvm/gems/ruby-2.0.0-p353/specifications/appraisal-1.0.2.gemspec
I, [2015-02-26T19:04:11.973247 #79967]  INFO -- : 0:  diff-lcs (1.2.5) from /Users/esuchkov/.rvm/gems/ruby-2.0.0-p353/specifications/diff-lcs-1.2.5.gemspec
I, [2015-02-26T19:04:11.973556 #79967]  INFO -- : 0:  facter (2.4.1) from /Users/esuchkov/.rvm/gems/ruby-2.0.0-p353/specifications/facter-2.4.1-universal-darwin.gemspec
I, [2015-02-26T19:04:11.973853 #79967]  INFO -- : 0:  json_pure (1.8.2) from /Users/esuchkov/.rvm/gems/ruby-2.0.0-p353/specifications/json_pure-1.8.2.gemspec
I, [2015-02-26T19:04:11.974129 #79967]  INFO -- : 0:  hiera (1.3.4) from /Users/esuchkov/.rvm/gems/ruby-2.0.0-p353/specifications/hiera-1.3.4.gemspec
I, [2015-02-26T19:04:11.974430 #79967]  INFO -- : 0:  rgen (0.6.6) from /Users/esuchkov/.rvm/gems/ruby-2.0.0-p353/specifications/rgen-0.6.6.gemspec
I, [2015-02-26T19:04:19.314966 #79967]  INFO -- : 0:  puppet (3.6.2) from /Users/esuchkov/.rvm/gems/ruby-2.0.0-p353/specifications/puppet-3.6.2.gemspec
I, [2015-02-26T19:04:19.315520 #79967]  INFO -- : 0:  rspec-support (3.2.2) from /Users/esuchkov/.rvm/gems/ruby-2.0.0-p353/specifications/rspec-support-3.2.2.gemspec
I, [2015-02-26T19:04:19.315914 #79967]  INFO -- : 0:  rspec-core (3.2.1) from /Users/esuchkov/.rvm/gems/ruby-2.0.0-p353/specifications/rspec-core-3.2.1.gemspec
I, [2015-02-26T19:04:19.316331 #79967]  INFO -- : 0:  rspec-expectations (3.2.0) from /Users/esuchkov/.rvm/gems/ruby-2.0.0-p353/specifications/rspec-expectations-3.2.0.gemspec
I, [2015-02-26T19:04:19.316741 #79967]  INFO -- : 0:  rspec-mocks (3.2.1) from /Users/esuchkov/.rvm/gems/ruby-2.0.0-p353/specifications/rspec-mocks-3.2.1.gemspec
I, [2015-02-26T19:04:19.317054 #79967]  INFO -- : 0:  rspec (3.2.0) from /Users/esuchkov/.rvm/gems/ruby-2.0.0-p353/specifications/rspec-3.2.0.gemspec
I, [2015-02-26T19:04:27.399628 #79972]  INFO -- : 0:  rake (10.4.2) from /Users/esuchkov/.rvm/gems/ruby-2.0.0-p353/specifications/rake-10.4.2.gemspec
I, [2015-02-26T19:04:27.400047 #79972]  INFO -- : 0:  CFPropertyList (2.2.8) from /Users/esuchkov/.rvm/gems/ruby-2.0.0-p353/specifications/CFPropertyList-2.2.8.gemspec
I, [2015-02-26T19:04:27.400370 #79972]  INFO -- : 0:  bundler (1.5.1) from /Users/esuchkov/.rvm/gems/ruby-2.0.0-p353@global/specifications/bundler-1.5.1.gemspec
I, [2015-02-26T19:04:27.400698 #79972]  INFO -- : 0:  thor (0.19.1) from /Users/esuchkov/.rvm/gems/ruby-2.0.0-p353/specifications/thor-0.19.1.gemspec
I, [2015-02-26T19:04:27.401062 #79972]  INFO -- : 0:  appraisal (1.0.2) from /Users/esuchkov/.rvm/gems/ruby-2.0.0-p353/specifications/appraisal-1.0.2.gemspec
I, [2015-02-26T19:04:27.401407 #79972]  INFO -- : 0:  diff-lcs (1.2.5) from /Users/esuchkov/.rvm/gems/ruby-2.0.0-p353/specifications/diff-lcs-1.2.5.gemspec
I, [2015-02-26T19:04:27.401727 #79972]  INFO -- : 0:  facter (2.4.1) from /Users/esuchkov/.rvm/gems/ruby-2.0.0-p353/specifications/facter-2.4.1-universal-darwin.gemspec
I, [2015-02-26T19:04:27.402027 #79972]  INFO -- : 0:  json_pure (1.8.2) from /Users/esuchkov/.rvm/gems/ruby-2.0.0-p353/specifications/json_pure-1.8.2.gemspec
I, [2015-02-26T19:04:27.402334 #79972]  INFO -- : 0:  hiera (1.3.4) from /Users/esuchkov/.rvm/gems/ruby-2.0.0-p353/specifications/hiera-1.3.4.gemspec
I, [2015-02-26T19:04:27.402628 #79972]  INFO -- : 0:  rgen (0.6.6) from /Users/esuchkov/.rvm/gems/ruby-2.0.0-p353/specifications/rgen-0.6.6.gemspec
I, [2015-02-26T19:04:34.914764 #79972]  INFO -- : 0:  puppet (3.5.1) from /Users/esuchkov/.rvm/gems/ruby-2.0.0-p353/specifications/puppet-3.5.1.gemspec
I, [2015-02-26T19:04:34.915226 #79972]  INFO -- : 0:  rspec-support (3.2.2) from /Users/esuchkov/.rvm/gems/ruby-2.0.0-p353/specifications/rspec-support-3.2.2.gemspec
I, [2015-02-26T19:04:34.915582 #79972]  INFO -- : 0:  rspec-core (3.2.1) from /Users/esuchkov/.rvm/gems/ruby-2.0.0-p353/specifications/rspec-core-3.2.1.gemspec
I, [2015-02-26T19:04:34.915969 #79972]  INFO -- : 0:  rspec-expectations (3.2.0) from /Users/esuchkov/.rvm/gems/ruby-2.0.0-p353/specifications/rspec-expectations-3.2.0.gemspec
I, [2015-02-26T19:04:34.916338 #79972]  INFO -- : 0:  rspec-mocks (3.2.1) from /Users/esuchkov/.rvm/gems/ruby-2.0.0-p353/specifications/rspec-mocks-3.2.1.gemspec
I, [2015-02-26T19:04:34.916636 #79972]  INFO -- : 0:  rspec (3.2.0) from /Users/esuchkov/.rvm/gems/ruby-2.0.0-p353/specifications/rspec-3.2.0.gemspec
I, [2015-02-26T19:04:44.315719 #79978]  INFO -- : 0:  rake (10.4.2) from /Users/esuchkov/.rvm/gems/ruby-2.0.0-p353/specifications/rake-10.4.2.gemspec
I, [2015-02-26T19:04:44.316091 #79978]  INFO -- : 0:  bundler (1.5.1) from /Users/esuchkov/.rvm/gems/ruby-2.0.0-p353@global/specifications/bundler-1.5.1.gemspec
I, [2015-02-26T19:04:44.316435 #79978]  INFO -- : 0:  thor (0.19.1) from /Users/esuchkov/.rvm/gems/ruby-2.0.0-p353/specifications/thor-0.19.1.gemspec
I, [2015-02-26T19:04:44.317526 #79978]  INFO -- : 0:  appraisal (1.0.2) from /Users/esuchkov/.rvm/gems/ruby-2.0.0-p353/specifications/appraisal-1.0.2.gemspec
I, [2015-02-26T19:04:44.317855 #79978]  INFO -- : 0:  diff-lcs (1.2.5) from /Users/esuchkov/.rvm/gems/ruby-2.0.0-p353/specifications/diff-lcs-1.2.5.gemspec
I, [2015-02-26T19:04:44.318193 #79978]  INFO -- : 0:  facter (1.7.6) from /Users/esuchkov/.rvm/gems/ruby-2.0.0-p353/specifications/facter-1.7.6.gemspec
I, [2015-02-26T19:04:44.318569 #79978]  INFO -- : 0:  json_pure (1.8.2) from /Users/esuchkov/.rvm/gems/ruby-2.0.0-p353/specifications/json_pure-1.8.2.gemspec
I, [2015-02-26T19:04:44.318911 #79978]  INFO -- : 0:  hiera (1.3.4) from /Users/esuchkov/.rvm/gems/ruby-2.0.0-p353/specifications/hiera-1.3.4.gemspec
I, [2015-02-26T19:04:44.319195 #79978]  INFO -- : 0:  rgen (0.6.6) from /Users/esuchkov/.rvm/gems/ruby-2.0.0-p353/specifications/rgen-0.6.6.gemspec
I, [2015-02-26T19:04:52.018929 #79978]  INFO -- : 0:  puppet (3.3.2) from /Users/esuchkov/.rvm/gems/ruby-2.0.0-p353/specifications/puppet-3.3.2.gemspec
I, [2015-02-26T19:04:52.019490 #79978]  INFO -- : 0:  rspec-support (3.2.2) from /Users/esuchkov/.rvm/gems/ruby-2.0.0-p353/specifications/rspec-support-3.2.2.gemspec
I, [2015-02-26T19:04:52.019868 #79978]  INFO -- : 0:  rspec-core (3.2.1) from /Users/esuchkov/.rvm/gems/ruby-2.0.0-p353/specifications/rspec-core-3.2.1.gemspec
I, [2015-02-26T19:04:52.020291 #79978]  INFO -- : 0:  rspec-expectations (3.2.0) from /Users/esuchkov/.rvm/gems/ruby-2.0.0-p353/specifications/rspec-expectations-3.2.0.gemspec
I, [2015-02-26T19:04:52.020649 #79978]  INFO -- : 0:  rspec-mocks (3.2.1) from /Users/esuchkov/.rvm/gems/ruby-2.0.0-p353/specifications/rspec-mocks-3.2.1.gemspec
I, [2015-02-26T19:04:52.021049 #79978]  INFO -- : 0:  rspec (3.2.0) from /Users/esuchkov/.rvm/gems/ruby-2.0.0-p353/specifications/rspec-3.2.0.gemspec
I, [2015-02-26T19:05:00.091487 #79983]  INFO -- : 0:  rake (10.4.2) from /Users/esuchkov/.rvm/gems/ruby-2.0.0-p353/specifications/rake-10.4.2.gemspec
I, [2015-02-26T19:05:00.091980 #79983]  INFO -- : 0:  bundler (1.5.1) from /Users/esuchkov/.rvm/gems/ruby-2.0.0-p353@global/specifications/bundler-1.5.1.gemspec
I, [2015-02-26T19:05:00.092498 #79983]  INFO -- : 0:  thor (0.19.1) from /Users/esuchkov/.rvm/gems/ruby-2.0.0-p353/specifications/thor-0.19.1.gemspec
I, [2015-02-26T19:05:00.092850 #79983]  INFO -- : 0:  appraisal (1.0.2) from /Users/esuchkov/.rvm/gems/ruby-2.0.0-p353/specifications/appraisal-1.0.2.gemspec
I, [2015-02-26T19:05:00.093144 #79983]  INFO -- : 0:  diff-lcs (1.2.5) from /Users/esuchkov/.rvm/gems/ruby-2.0.0-p353/specifications/diff-lcs-1.2.5.gemspec
I, [2015-02-26T19:05:00.093446 #79983]  INFO -- : 0:  facter (1.7.6) from /Users/esuchkov/.rvm/gems/ruby-2.0.0-p353/specifications/facter-1.7.6.gemspec
I, [2015-02-26T19:05:00.093757 #79983]  INFO -- : 0:  json_pure (1.8.2) from /Users/esuchkov/.rvm/gems/ruby-2.0.0-p353/specifications/json_pure-1.8.2.gemspec
I, [2015-02-26T19:05:00.094057 #79983]  INFO -- : 0:  hiera (1.3.4) from /Users/esuchkov/.rvm/gems/ruby-2.0.0-p353/specifications/hiera-1.3.4.gemspec
I, [2015-02-26T19:05:00.094343 #79983]  INFO -- : 0:  rgen (0.6.6) from /Users/esuchkov/.rvm/gems/ruby-2.0.0-p353/specifications/rgen-0.6.6.gemspec
I, [2015-02-26T19:05:06.928214 #79983]  INFO -- : 0:  puppet (3.2.4) from /Users/esuchkov/.rvm/gems/ruby-2.0.0-p353/specifications/puppet-3.2.4.gemspec
I, [2015-02-26T19:05:06.928700 #79983]  INFO -- : 0:  rspec-support (3.2.2) from /Users/esuchkov/.rvm/gems/ruby-2.0.0-p353/specifications/rspec-support-3.2.2.gemspec
I, [2015-02-26T19:05:06.929019 #79983]  INFO -- : 0:  rspec-core (3.2.1) from /Users/esuchkov/.rvm/gems/ruby-2.0.0-p353/specifications/rspec-core-3.2.1.gemspec
I, [2015-02-26T19:05:06.929364 #79983]  INFO -- : 0:  rspec-expectations (3.2.0) from /Users/esuchkov/.rvm/gems/ruby-2.0.0-p353/specifications/rspec-expectations-3.2.0.gemspec
I, [2015-02-26T19:05:06.929672 #79983]  INFO -- : 0:  rspec-mocks (3.2.1) from /Users/esuchkov/.rvm/gems/ruby-2.0.0-p353/specifications/rspec-mocks-3.2.1.gemspec
I, [2015-02-26T19:05:06.930027 #79983]  INFO -- : 0:  rspec (3.2.0) from /Users/esuchkov/.rvm/gems/ruby-2.0.0-p353/specifications/rspec-3.2.0.gemspec
I, [2015-02-26T19:05:15.467516 #79987]  INFO -- : 0:  rake (10.4.2) from /Users/esuchkov/.rvm/gems/ruby-2.0.0-p353/specifications/rake-10.4.2.gemspec
I, [2015-02-26T19:05:15.467880 #79987]  INFO -- : 0:  bundler (1.5.1) from /Users/esuchkov/.rvm/gems/ruby-2.0.0-p353@global/specifications/bundler-1.5.1.gemspec
I, [2015-02-26T19:05:15.468248 #79987]  INFO -- : 0:  thor (0.19.1) from /Users/esuchkov/.rvm/gems/ruby-2.0.0-p353/specifications/thor-0.19.1.gemspec
I, [2015-02-26T19:05:15.468672 #79987]  INFO -- : 0:  appraisal (1.0.2) from /Users/esuchkov/.rvm/gems/ruby-2.0.0-p353/specifications/appraisal-1.0.2.gemspec
I, [2015-02-26T19:05:15.469041 #79987]  INFO -- : 0:  diff-lcs (1.2.5) from /Users/esuchkov/.rvm/gems/ruby-2.0.0-p353/specifications/diff-lcs-1.2.5.gemspec
I, [2015-02-26T19:05:15.469345 #79987]  INFO -- : 0:  facter (1.7.6) from /Users/esuchkov/.rvm/gems/ruby-2.0.0-p353/specifications/facter-1.7.6.gemspec
I, [2015-02-26T19:05:15.469724 #79987]  INFO -- : 0:  json_pure (1.8.2) from /Users/esuchkov/.rvm/gems/ruby-2.0.0-p353/specifications/json_pure-1.8.2.gemspec
I, [2015-02-26T19:05:15.470009 #79987]  INFO -- : 0:  hiera (1.3.4) from /Users/esuchkov/.rvm/gems/ruby-2.0.0-p353/specifications/hiera-1.3.4.gemspec
I, [2015-02-26T19:05:21.577862 #79987]  INFO -- : 0:  puppet (3.1.1) from /Users/esuchkov/.rvm/gems/ruby-2.0.0-p353/specifications/puppet-3.1.1.gemspec
I, [2015-02-26T19:05:21.597384 #79987]  INFO -- : 0:  rspec-support (3.2.2) from /Users/esuchkov/.rvm/gems/ruby-2.0.0-p353/specifications/rspec-support-3.2.2.gemspec
I, [2015-02-26T19:05:21.597858 #79987]  INFO -- : 0:  rspec-core (3.2.1) from /Users/esuchkov/.rvm/gems/ruby-2.0.0-p353/specifications/rspec-core-3.2.1.gemspec
I, [2015-02-26T19:05:21.598252 #79987]  INFO -- : 0:  rspec-expectations (3.2.0) from /Users/esuchkov/.rvm/gems/ruby-2.0.0-p353/specifications/rspec-expectations-3.2.0.gemspec
I, [2015-02-26T19:05:21.598722 #79987]  INFO -- : 0:  rspec-mocks (3.2.1) from /Users/esuchkov/.rvm/gems/ruby-2.0.0-p353/specifications/rspec-mocks-3.2.1.gemspec
I, [2015-02-26T19:05:21.599176 #79987]  INFO -- : 0:  rspec (3.2.0) from /Users/esuchkov/.rvm/gems/ruby-2.0.0-p353/specifications/rspec-3.2.0.gemspec
I, [2015-02-26T19:05:54.651491 #80035]  INFO -- : 0:  rake (10.4.2) from /Users/esuchkov/.rvm/gems/ruby-2.0.0-p353/specifications/rake-10.4.2.gemspec
I, [2015-02-26T19:05:54.651900 #80035]  INFO -- : 0:  bundler (1.5.1) from /Users/esuchkov/.rvm/gems/ruby-2.0.0-p353@global/specifications/bundler-1.5.1.gemspec
I, [2015-02-26T19:05:54.652313 #80035]  INFO -- : 0:  thor (0.19.1) from /Users/esuchkov/.rvm/gems/ruby-2.0.0-p353/specifications/thor-0.19.1.gemspec
I, [2015-02-26T19:05:54.652659 #80035]  INFO -- : 0:  appraisal (1.0.2) from /Users/esuchkov/.rvm/gems/ruby-2.0.0-p353/specifications/appraisal-1.0.2.gemspec
I, [2015-02-26T19:05:54.653071 #80035]  INFO -- : 0:  diff-lcs (1.2.5) from /Users/esuchkov/.rvm/gems/ruby-2.0.0-p353/specifications/diff-lcs-1.2.5.gemspec
I, [2015-02-26T19:05:57.167961 #80035]  INFO -- : 0:  facter (1.6.18) from /Users/esuchkov/.rvm/gems/ruby-2.0.0-p353/specifications/facter-1.6.18.gemspec
I, [2015-02-26T19:05:58.395917 #80035]  INFO -- : 0:  hiera (1.0.0) from /Users/esuchkov/.rvm/gems/ruby-2.0.0-p353/specifications/hiera-1.0.0.gemspec
I, [2015-02-26T19:06:04.003493 #80035]  INFO -- : 0:  puppet (3.0.2) from /Users/esuchkov/.rvm/gems/ruby-2.0.0-p353/specifications/puppet-3.0.2.gemspec
I, [2015-02-26T19:06:04.003992 #80035]  INFO -- : 0:  rspec-support (3.2.2) from /Users/esuchkov/.rvm/gems/ruby-2.0.0-p353/specifications/rspec-support-3.2.2.gemspec
I, [2015-02-26T19:06:04.004419 #80035]  INFO -- : 0:  rspec-core (3.2.1) from /Users/esuchkov/.rvm/gems/ruby-2.0.0-p353/specifications/rspec-core-3.2.1.gemspec
I, [2015-02-26T19:06:04.004809 #80035]  INFO -- : 0:  rspec-expectations (3.2.0) from /Users/esuchkov/.rvm/gems/ruby-2.0.0-p353/specifications/rspec-expectations-3.2.0.gemspec
I, [2015-02-26T19:06:04.005254 #80035]  INFO -- : 0:  rspec-mocks (3.2.1) from /Users/esuchkov/.rvm/gems/ruby-2.0.0-p353/specifications/rspec-mocks-3.2.1.gemspec
I, [2015-02-26T19:06:04.005568 #80035]  INFO -- : 0:  rspec (3.2.0) from /Users/esuchkov/.rvm/gems/ruby-2.0.0-p353/specifications/rspec-3.2.0.gemspec
