# Logfile created on 2015-02-25 17:48:26 -0500 by logger.rb/41954
I, [2015-02-25T17:48:26.796600 #67036]  INFO -- : 0:  diff-lcs (1.2.5) from /Users/esuchkov/.rvm/gems/ruby-2.0.0-p353/specifications/diff-lcs-1.2.5.gemspec
I, [2015-02-25T17:48:27.932676 #67036]  INFO -- : 0:  rspec-support (3.2.2) from /Users/esuchkov/.rvm/gems/ruby-2.0.0-p353/specifications/rspec-support-3.2.2.gemspec
I, [2015-02-25T17:48:30.026088 #67036]  INFO -- : 0:  rspec-core (3.2.1) from /Users/esuchkov/.rvm/gems/ruby-2.0.0-p353/specifications/rspec-core-3.2.1.gemspec
I, [2015-02-25T17:48:30.026597 #67036]  INFO -- : 0:  rspec-expectations (3.2.0) from /Users/esuchkov/.rvm/gems/ruby-2.0.0-p353/specifications/rspec-expectations-3.2.0.gemspec
I, [2015-02-25T17:48:31.519604 #67036]  INFO -- : 0:  rspec-mocks (3.2.1) from /Users/esuchkov/.rvm/gems/ruby-2.0.0-p353/specifications/rspec-mocks-3.2.1.gemspec
I, [2015-02-25T17:48:31.520222 #67036]  INFO -- : 0:  rspec (3.2.0) from /Users/esuchkov/.rvm/gems/ruby-2.0.0-p353/specifications/rspec-3.2.0.gemspec
I, [2015-02-25T17:48:31.520618 #67036]  INFO -- : 0:  bundler (1.5.1) from /Users/esuchkov/.rvm/gems/ruby-2.0.0-p353@global/specifications/bundler-1.5.1.gemspec
I, [2015-02-26T15:36:51.958727 #75168]  INFO -- : 0:  rake (10.4.2) from /Users/esuchkov/.rvm/gems/ruby-2.0.0-p353/specifications/rake-10.4.2.gemspec
I, [2015-02-26T15:36:51.959579 #75168]  INFO -- : 0:  CFPropertyList (2.2.8) from /Users/esuchkov/.rvm/gems/ruby-2.0.0-p353/specifications/CFPropertyList-2.2.8.gemspec
I, [2015-02-26T15:36:51.959957 #75168]  INFO -- : 0:  bundler (1.5.1) from /Users/esuchkov/.rvm/gems/ruby-2.0.0-p353@global/specifications/bundler-1.5.1.gemspec
I, [2015-02-26T15:36:51.960300 #75168]  INFO -- : 0:  thor (0.19.1) from /Users/esuchkov/.rvm/gems/ruby-2.0.0-p353/specifications/thor-0.19.1.gemspec
I, [2015-02-26T15:36:53.253314 #75168]  INFO -- : 0:  appraisal (1.0.2) from /Users/esuchkov/.rvm/gems/ruby-2.0.0-p353/specifications/appraisal-1.0.2.gemspec
I, [2015-02-26T15:36:53.253778 #75168]  INFO -- : 0:  diff-lcs (1.2.5) from /Users/esuchkov/.rvm/gems/ruby-2.0.0-p353/specifications/diff-lcs-1.2.5.gemspec
I, [2015-02-26T15:36:53.254126 #75168]  INFO -- : 0:  facter (2.4.1) from /Users/esuchkov/.rvm/gems/ruby-2.0.0-p353/specifications/facter-2.4.1-universal-darwin.gemspec
I, [2015-02-26T15:36:53.254506 #75168]  INFO -- : 0:  json_pure (1.8.2) from /Users/esuchkov/.rvm/gems/ruby-2.0.0-p353/specifications/json_pure-1.8.2.gemspec
I, [2015-02-26T15:36:53.254795 #75168]  INFO -- : 0:  hiera (1.3.4) from /Users/esuchkov/.rvm/gems/ruby-2.0.0-p353/specifications/hiera-1.3.4.gemspec
I, [2015-02-26T15:36:53.255071 #75168]  INFO -- : 0:  puppet (3.7.3) from /Users/esuchkov/.rvm/gems/ruby-2.0.0-p353/specifications/puppet-3.7.3.gemspec
I, [2015-02-26T15:36:53.255370 #75168]  INFO -- : 0:  rspec-support (3.2.2) from /Users/esuchkov/.rvm/gems/ruby-2.0.0-p353/specifications/rspec-support-3.2.2.gemspec
I, [2015-02-26T15:36:53.255659 #75168]  INFO -- : 0:  rspec-core (3.2.1) from /Users/esuchkov/.rvm/gems/ruby-2.0.0-p353/specifications/rspec-core-3.2.1.gemspec
I, [2015-02-26T15:36:53.255954 #75168]  INFO -- : 0:  rspec-expectations (3.2.0) from /Users/esuchkov/.rvm/gems/ruby-2.0.0-p353/specifications/rspec-expectations-3.2.0.gemspec
I, [2015-02-26T15:36:53.256245 #75168]  INFO -- : 0:  rspec-mocks (3.2.1) from /Users/esuchkov/.rvm/gems/ruby-2.0.0-p353/specifications/rspec-mocks-3.2.1.gemspec
I, [2015-02-26T15:36:53.256532 #75168]  INFO -- : 0:  rspec (3.2.0) from /Users/esuchkov/.rvm/gems/ruby-2.0.0-p353/specifications/rspec-3.2.0.gemspec
I, [2015-02-27T13:03:53.609036 #89766]  INFO -- : 0:  rake (10.4.2) from /Users/esuchkov/.rvm/gems/ruby-2.0.0-p353/specifications/rake-10.4.2.gemspec
I, [2015-02-27T13:03:53.609899 #89766]  INFO -- : 0:  CFPropertyList (2.2.8) from /Users/esuchkov/.rvm/gems/ruby-2.0.0-p353/specifications/CFPropertyList-2.2.8.gemspec
I, [2015-02-27T13:03:53.610234 #89766]  INFO -- : 0:  bundler (1.5.1) from /Users/esuchkov/.rvm/gems/ruby-2.0.0-p353@global/specifications/bundler-1.5.1.gemspec
I, [2015-02-27T13:03:53.610536 #89766]  INFO -- : 0:  thor (0.19.1) from /Users/esuchkov/.rvm/gems/ruby-2.0.0-p353/specifications/thor-0.19.1.gemspec
I, [2015-02-27T13:03:53.610845 #89766]  INFO -- : 0:  appraisal (1.0.2) from /Users/esuchkov/.rvm/gems/ruby-2.0.0-p353/specifications/appraisal-1.0.2.gemspec
I, [2015-02-27T13:03:53.611150 #89766]  INFO -- : 0:  diff-lcs (1.2.5) from /Users/esuchkov/.rvm/gems/ruby-2.0.0-p353/specifications/diff-lcs-1.2.5.gemspec
I, [2015-02-27T13:03:53.611457 #89766]  INFO -- : 0:  facter (2.4.1) from /Users/esuchkov/.rvm/gems/ruby-2.0.0-p353/specifications/facter-2.4.1-universal-darwin.gemspec
I, [2015-02-27T13:03:53.611769 #89766]  INFO -- : 0:  json_pure (1.8.2) from /Users/esuchkov/.rvm/gems/ruby-2.0.0-p353/specifications/json_pure-1.8.2.gemspec
I, [2015-02-27T13:03:53.612053 #89766]  INFO -- : 0:  hiera (1.3.4) from /Users/esuchkov/.rvm/gems/ruby-2.0.0-p353/specifications/hiera-1.3.4.gemspec
I, [2015-02-27T13:03:53.612361 #89766]  INFO -- : 0:  puppet (3.7.3) from /Users/esuchkov/.rvm/gems/ruby-2.0.0-p353/specifications/puppet-3.7.3.gemspec
I, [2015-02-27T13:03:53.612654 #89766]  INFO -- : 0:  rspec-support (3.2.2) from /Users/esuchkov/.rvm/gems/ruby-2.0.0-p353/specifications/rspec-support-3.2.2.gemspec
I, [2015-02-27T13:03:53.612965 #89766]  INFO -- : 0:  rspec-core (3.2.1) from /Users/esuchkov/.rvm/gems/ruby-2.0.0-p353/specifications/rspec-core-3.2.1.gemspec
I, [2015-02-27T13:03:53.613322 #89766]  INFO -- : 0:  rspec-expectations (3.2.0) from /Users/esuchkov/.rvm/gems/ruby-2.0.0-p353/specifications/rspec-expectations-3.2.0.gemspec
I, [2015-02-27T13:03:53.613627 #89766]  INFO -- : 0:  rspec-mocks (3.2.1) from /Users/esuchkov/.rvm/gems/ruby-2.0.0-p353/specifications/rspec-mocks-3.2.1.gemspec
I, [2015-02-27T13:03:53.613987 #89766]  INFO -- : 0:  rspec (3.2.0) from /Users/esuchkov/.rvm/gems/ruby-2.0.0-p353/specifications/rspec-3.2.0.gemspec
I, [2015-02-27T13:05:14.632895 #90489]  INFO -- : 0:  rake (10.4.2) from /Users/esuchkov/.rvm/gems/ruby-2.0.0-p353/specifications/rake-10.4.2.gemspec
I, [2015-02-27T13:05:14.633674 #90489]  INFO -- : 0:  CFPropertyList (2.2.8) from /Users/esuchkov/.rvm/gems/ruby-2.0.0-p353/specifications/CFPropertyList-2.2.8.gemspec
I, [2015-02-27T13:05:14.633998 #90489]  INFO -- : 0:  bundler (1.5.1) from /Users/esuchkov/.rvm/gems/ruby-2.0.0-p353@global/specifications/bundler-1.5.1.gemspec
I, [2015-02-27T13:05:14.634345 #90489]  INFO -- : 0:  thor (0.19.1) from /Users/esuchkov/.rvm/gems/ruby-2.0.0-p353/specifications/thor-0.19.1.gemspec
I, [2015-02-27T13:05:14.634795 #90489]  INFO -- : 0:  appraisal (1.0.2) from /Users/esuchkov/.rvm/gems/ruby-2.0.0-p353/specifications/appraisal-1.0.2.gemspec
I, [2015-02-27T13:05:14.635209 #90489]  INFO -- : 0:  diff-lcs (1.2.5) from /Users/esuchkov/.rvm/gems/ruby-2.0.0-p353/specifications/diff-lcs-1.2.5.gemspec
I, [2015-02-27T13:05:14.635629 #90489]  INFO -- : 0:  facter (2.4.1) from /Users/esuchkov/.rvm/gems/ruby-2.0.0-p353/specifications/facter-2.4.1-universal-darwin.gemspec
I, [2015-02-27T13:05:14.636159 #90489]  INFO -- : 0:  json_pure (1.8.2) from /Users/esuchkov/.rvm/gems/ruby-2.0.0-p353/specifications/json_pure-1.8.2.gemspec
I, [2015-02-27T13:05:14.636586 #90489]  INFO -- : 0:  hiera (1.3.4) from /Users/esuchkov/.rvm/gems/ruby-2.0.0-p353/specifications/hiera-1.3.4.gemspec
I, [2015-02-27T13:05:14.637186 #90489]  INFO -- : 0:  puppet (3.7.3) from /Users/esuchkov/.rvm/gems/ruby-2.0.0-p353/specifications/puppet-3.7.3.gemspec
I, [2015-02-27T13:05:14.637615 #90489]  INFO -- : 0:  rspec-support (3.2.2) from /Users/esuchkov/.rvm/gems/ruby-2.0.0-p353/specifications/rspec-support-3.2.2.gemspec
I, [2015-02-27T13:05:14.638119 #90489]  INFO -- : 0:  rspec-core (3.2.1) from /Users/esuchkov/.rvm/gems/ruby-2.0.0-p353/specifications/rspec-core-3.2.1.gemspec
I, [2015-02-27T13:05:14.638541 #90489]  INFO -- : 0:  rspec-expectations (3.2.0) from /Users/esuchkov/.rvm/gems/ruby-2.0.0-p353/specifications/rspec-expectations-3.2.0.gemspec
I, [2015-02-27T13:05:14.638954 #90489]  INFO -- : 0:  rspec-mocks (3.2.1) from /Users/esuchkov/.rvm/gems/ruby-2.0.0-p353/specifications/rspec-mocks-3.2.1.gemspec
I, [2015-02-27T13:05:14.640124 #90489]  INFO -- : 0:  rspec (3.2.0) from /Users/esuchkov/.rvm/gems/ruby-2.0.0-p353/specifications/rspec-3.2.0.gemspec
I, [2015-02-28T13:42:24.072538 #38128]  INFO -- : 0:  rake (10.4.2) from /Users/esuchkov/.rvm/gems/ruby-2.0.0-p353/specifications/rake-10.4.2.gemspec
I, [2015-02-28T13:42:24.073272 #38128]  INFO -- : 0:  CFPropertyList (2.2.8) from /Users/esuchkov/.rvm/gems/ruby-2.0.0-p353/specifications/CFPropertyList-2.2.8.gemspec
I, [2015-02-28T13:42:24.073643 #38128]  INFO -- : 0:  bundler (1.5.1) from /Users/esuchkov/.rvm/gems/ruby-2.0.0-p353@global/specifications/bundler-1.5.1.gemspec
I, [2015-02-28T13:42:24.073934 #38128]  INFO -- : 0:  thor (0.19.1) from /Users/esuchkov/.rvm/gems/ruby-2.0.0-p353/specifications/thor-0.19.1.gemspec
I, [2015-02-28T13:42:24.074266 #38128]  INFO -- : 0:  appraisal (1.0.2) from /Users/esuchkov/.rvm/gems/ruby-2.0.0-p353/specifications/appraisal-1.0.2.gemspec
I, [2015-02-28T13:42:24.074549 #38128]  INFO -- : 0:  diff-lcs (1.2.5) from /Users/esuchkov/.rvm/gems/ruby-2.0.0-p353/specifications/diff-lcs-1.2.5.gemspec
I, [2015-02-28T13:42:24.074864 #38128]  INFO -- : 0:  facter (2.4.1) from /Users/esuchkov/.rvm/gems/ruby-2.0.0-p353/specifications/facter-2.4.1-universal-darwin.gemspec
I, [2015-02-28T13:42:24.075144 #38128]  INFO -- : 0:  json_pure (1.8.2) from /Users/esuchkov/.rvm/gems/ruby-2.0.0-p353/specifications/json_pure-1.8.2.gemspec
I, [2015-02-28T13:42:24.075431 #38128]  INFO -- : 0:  hiera (1.3.4) from /Users/esuchkov/.rvm/gems/ruby-2.0.0-p353/specifications/hiera-1.3.4.gemspec
I, [2015-02-28T13:42:24.075734 #38128]  INFO -- : 0:  puppet (3.7.3) from /Users/esuchkov/.rvm/gems/ruby-2.0.0-p353/specifications/puppet-3.7.3.gemspec
I, [2015-02-28T13:42:24.076021 #38128]  INFO -- : 0:  rspec-support (3.2.2) from /Users/esuchkov/.rvm/gems/ruby-2.0.0-p353/specifications/rspec-support-3.2.2.gemspec
I, [2015-02-28T13:42:24.076314 #38128]  INFO -- : 0:  rspec-core (3.2.1) from /Users/esuchkov/.rvm/gems/ruby-2.0.0-p353/specifications/rspec-core-3.2.1.gemspec
I, [2015-02-28T13:42:24.076606 #38128]  INFO -- : 0:  rspec-expectations (3.2.0) from /Users/esuchkov/.rvm/gems/ruby-2.0.0-p353/specifications/rspec-expectations-3.2.0.gemspec
I, [2015-02-28T13:42:24.076910 #38128]  INFO -- : 0:  rspec-mocks (3.2.1) from /Users/esuchkov/.rvm/gems/ruby-2.0.0-p353/specifications/rspec-mocks-3.2.1.gemspec
I, [2015-02-28T13:42:24.077195 #38128]  INFO -- : 0:  rspec (3.2.0) from /Users/esuchkov/.rvm/gems/ruby-2.0.0-p353/specifications/rspec-3.2.0.gemspec
